<?xml version="1.0" encoding="UTF-8"?>
<!-- Generated by org.testng.reporters.JUnitReportReporter -->
<testsuite hostname="LAPTOP-N4S32BCT" failures="0" tests="2" name="radarbox.CreateAccountTest" time="64.756" errors="0" timestamp="2023-06-07T19:55:32 IST" skipped="0">
  <testcase classname="radarbox.CreateAccountTest" name="launchRadarbox" time="58.274"/>
  <system-out/>
  <testcase classname="radarbox.CreateAccountTest" name="loginRadarboxwithInvalidData" time="6.482"/>
  <system-out/>
</testsuite> <!-- radarbox.CreateAccountTest -->
