<?xml version="1.0" encoding="UTF-8"?>
<!-- Generated by org.testng.reporters.JUnitReportReporter -->
<testsuite hostname="LAPTOP-N4S32BCT" failures="0" tests="2" name="radarbox.HomePageTests" time="29.899" errors="0" timestamp="2023-06-07T19:36:11 IST" skipped="0">
  <testcase classname="radarbox.HomePageTests" name="launchRadarbox" time="25.441"/>
  <system-out/>
  <testcase classname="radarbox.HomePageTests" name="testZoomin" time="4.458"/>
  <system-out/>
</testsuite> <!-- radarbox.HomePageTests -->
