<?xml version="1.0" encoding="UTF-8"?>
<!-- Generated by org.testng.reporters.JUnitReportReporter -->
<testsuite hostname="LAPTOP-N4S32BCT" failures="0" tests="3" name="radarbox.Logintests" time="43.173" errors="0" timestamp="2023-06-07T19:21:40 IST" skipped="0">
  <testcase classname="radarbox.Logintests" name="launchRadarbox" time="21.541"/>
  <system-out/>
  <testcase classname="radarbox.Logintests" name="resetpaswrodfromForgtPassword" time="11.665"/>
  <system-out/>
  <testcase classname="radarbox.Logintests" name="loginRadarboxwithInvalidData" time="9.967"/>
  <system-out/>
</testsuite> <!-- radarbox.Logintests -->
